<?xml version="1.0" encoding="UTF-8"?>
<!-- Generated by org.testng.reporters.JUnitReportReporter -->
<testsuite hostname="jenkinss" name="com.javatpointtest.TestNGwebtest2" tests="1" failures="0" timestamp="31 Jul 2017 23:58:40 GMT" time="0.198" errors="0">
  <testcase name="connectglobewebapptest" time="0.198" classname="com.javatpointtest.TestNGwebtest2"/>
</testsuite> <!-- com.javatpointtest.TestNGwebtest2 -->
