<?xml version="1.0" encoding="UTF-8"?>
<!-- Generated by org.testng.reporters.JUnitReportReporter -->
<testsuite hostname="jenkinss" name="com.javatpointtest.TestNGwebtest" tests="1" failures="0" timestamp="31 Jul 2017 23:19:18 GMT" time="0.149" errors="0">
  <testcase name="verifyHomepageTitle" time="0.149" classname="com.javatpointtest.TestNGwebtest"/>
</testsuite> <!-- com.javatpointtest.TestNGwebtest -->
