<?xml version="1.0" encoding="UTF-8"?>
<!-- Generated by org.testng.reporters.JUnitReportReporter -->
<testsuite hostname="jenkinss" name="com.javatpointtest.TestNGTest" tests="1" failures="0" timestamp="1 Aug 2017 01:31:34 GMT" time="0.056" errors="0">
  <testcase name="simplemethod" time="0.056" classname="com.javatpointtest.TestNGTest"/>
</testsuite> <!-- com.javatpointtest.TestNGTest -->
