<?xml version="1.0" encoding="UTF-8"?>
<!-- Generated by org.testng.reporters.JUnitReportReporter -->
<testsuite hostname="jenkinss" name="com.javatpointtest.TestNGwebtest2" tests="1" failures="0" timestamp="1 Aug 2017 01:31:34 GMT" time="0.248" errors="0">
  <testcase name="connectglobewebapptest" time="0.248" classname="com.javatpointtest.TestNGwebtest2"/>
</testsuite> <!-- com.javatpointtest.TestNGwebtest2 -->
