<?xml version="1.0" encoding="UTF-8"?>
<!-- Generated by org.testng.reporters.JUnitReportReporter -->
<testsuite hostname="jenkinss" name="com.javatpointtest.TestNGTest" tests="1" failures="0" timestamp="31 Jul 2017 23:58:40 GMT" time="0.051" errors="0">
  <testcase name="simplemethod" time="0.051" classname="com.javatpointtest.TestNGTest"/>
</testsuite> <!-- com.javatpointtest.TestNGTest -->
